2024-02-29 00:28:57,624 - INFO - Connected (version 2.0, client OpenSSH_7.4p1)
2024-02-29 00:28:57,764 - INFO - Authentication (password) successful!
2024-02-29 00:29:18,607 - INFO - Выполнена команда: ./send.sh -n alice -f alice@polygon.mil.zs -r bob@polygon.mil.zs -u alice@polygon.mil.zs -p 123qweR% -s id:001 -t ABCDEFGH
2024-02-29 00:29:18,609 - INFO - Выполнена команда: Отправка определенной команды/скрипта через функцию SEND
2024-02-29 00:29:18,610 - INFO - Выполнена команда: Выход из сеанса подключения по SSH
2024-03-09 00:03:04,745 - INFO - Р—Р°РіСЂСѓР¶РµРЅС‹ РґР°РЅРЅС‹Рµ РІ db
2024-03-09 00:03:05,640 - INFO - Р’С‹РїРѕР»РЅРµРЅР° С„СѓРЅРєС†РёСЏ: init_UI
2024-03-09 00:03:06,954 - INFO - Р’С‹РїРѕР»РЅРµРЅР° РєРѕРјР°РЅРґР°: РџРѕРґРєР»СЋС‡РµРЅРёРµ Рє СѓР°РґРµР»РЅРЅРѕР№ Р­Р’Рњ С‡РµСЂРµР· РїСЂРѕС‚РѕРєРѕР»С‹ SSH
2024-03-09 00:03:07,041 - INFO - Connected (version 2.0, client OpenSSH_7.4p1)
2024-03-09 00:03:07,224 - INFO - Authentication (password) successful!
2024-03-09 00:03:07,316 - INFO - Р’С‹РїРѕР»РЅРµРЅР° РєРѕРјР°РЅРґР°: cd ~ | ./info.sh
2024-03-09 00:03:07,317 - INFO - Р’С‹РїРѕР»РЅРµРЅР° РєРѕРјР°РЅРґР°: Р’С‹С…РѕРґ РёР· СЃРµР°РЅСЃР° РїРѕРґРєР»СЋС‡РµРЅРёСЏ РїРѕ SSH
2024-03-09 00:08:23,489 - INFO - Р—Р°РіСЂСѓР¶РµРЅС‹ РґР°РЅРЅС‹Рµ РІ db
2024-03-09 00:08:24,279 - INFO - Р’С‹РїРѕР»РЅРµРЅР° С„СѓРЅРєС†РёСЏ: init_UI
2024-03-09 00:08:26,429 - INFO - Р’С‹РїРѕР»РЅРµРЅР° РєРѕРјР°РЅРґР°: РџРѕРґРєР»СЋС‡РµРЅРёРµ Рє СѓР°РґРµР»РЅРЅРѕР№ Р­Р’Рњ С‡РµСЂРµР· РїСЂРѕС‚РѕРєРѕР»С‹ SSH
2024-03-09 00:08:26,450 - INFO - Connected (version 2.0, client OpenSSH_7.4p1)
2024-03-09 00:08:26,576 - INFO - Authentication (password) successful!
2024-03-09 00:08:26,650 - INFO - Р’С‹РїРѕР»РЅРµРЅР° РєРѕРјР°РЅРґР°: cd ~ | ./info.sh
2024-03-09 00:08:26,651 - INFO - Р’С‹РїРѕР»РЅРµРЅР° РєРѕРјР°РЅРґР°: Р’С‹С…РѕРґ РёР· СЃРµР°РЅСЃР° РїРѕРґРєР»СЋС‡РµРЅРёСЏ РїРѕ SSH
2024-03-09 00:10:59,229 - INFO - Р—Р°РіСЂСѓР¶РµРЅС‹ РґР°РЅРЅС‹Рµ РІ db
2024-03-09 00:11:00,382 - INFO - Р’С‹РїРѕР»РЅРµРЅР° С„СѓРЅРєС†РёСЏ: init_UI
2024-03-09 00:11:02,071 - INFO - Р’С‹РїРѕР»РЅРµРЅР° РєРѕРјР°РЅРґР°: РџРѕРґРєР»СЋС‡РµРЅРёРµ Рє СѓР°РґРµР»РЅРЅРѕР№ Р­Р’Рњ С‡РµСЂРµР· РїСЂРѕС‚РѕРєРѕР»С‹ SSH
2024-03-09 00:11:02,099 - INFO - Connected (version 2.0, client OpenSSH_7.4p1)
2024-03-09 00:11:02,245 - INFO - Authentication (password) successful!
2024-03-09 00:11:02,329 - INFO - Р’С‹РїРѕР»РЅРµРЅР° РєРѕРјР°РЅРґР°: cd ~ | ./info.sh
2024-03-09 00:11:02,329 - INFO - Р’С‹РїРѕР»РЅРµРЅР° РєРѕРјР°РЅРґР°: Р’С‹С…РѕРґ РёР· СЃРµР°РЅСЃР° РїРѕРґРєР»СЋС‡РµРЅРёСЏ РїРѕ SSH
2024-03-09 00:11:07,741 - INFO - Р—Р°РіСЂСѓР¶РµРЅС‹ РґР°РЅРЅС‹Рµ РІ db
2024-03-09 00:11:08,670 - INFO - Р’С‹РїРѕР»РЅРµРЅР° С„СѓРЅРєС†РёСЏ: init_UI
2024-03-09 00:12:42,708 - INFO - Р—Р°РіСЂСѓР¶РµРЅС‹ РґР°РЅРЅС‹Рµ РІ db
2024-03-09 00:12:43,490 - INFO - Р’С‹РїРѕР»РЅРµРЅР° С„СѓРЅРєС†РёСЏ: init_UI
2024-03-09 00:12:46,000 - INFO - Р’С‹РїРѕР»РЅРµРЅР° РєРѕРјР°РЅРґР°: РџРѕРґРєР»СЋС‡РµРЅРёРµ Рє СѓР°РґРµР»РЅРЅРѕР№ Р­Р’Рњ С‡РµСЂРµР· РїСЂРѕС‚РѕРєРѕР»С‹ SSH
2024-03-09 00:12:46,051 - INFO - Connected (version 2.0, client OpenSSH_7.4p1)
2024-03-09 00:12:46,226 - INFO - Authentication (password) successful!
2024-03-09 00:12:46,313 - INFO - Р’С‹РїРѕР»РЅРµРЅР° РєРѕРјР°РЅРґР°: cd ~ | ./info.sh
2024-03-09 00:12:46,313 - INFO - Р’С‹РїРѕР»РЅРµРЅР° РєРѕРјР°РЅРґР°: Р’С‹С…РѕРґ РёР· СЃРµР°РЅСЃР° РїРѕРґРєР»СЋС‡РµРЅРёСЏ РїРѕ SSH
